<?xml version="1.0" encoding="UTF-8"?>
<testng-results ignored="0" total="1" passed="1" failed="0" skipped="0">
  <reporter-output>
  </reporter-output>
  <suite started-at="2021-08-25T18:23:30 PDT" name="Default suite" finished-at="2021-08-25T18:23:47 PDT" duration-ms="16417">
    <groups>
      <group name="cucumber">
        <method signature="AbstractTestNGCucumberTests.feature(cucumber.api.testng.CucumberFeatureWrapper)[pri:0, instance:TestRunnir.TesstRunner@49dc7102]" name="feature" class="cucumber.api.testng.AbstractTestNGCucumberTests"/>
      </group> <!-- cucumber -->
    </groups>
    <test started-at="2021-08-25T18:23:30 PDT" name="Default test" finished-at="2021-08-25T18:23:47 PDT" duration-ms="16417">
      <class name="TestRunnir.TesstRunner">
        <test-method is-config="true" signature="setUpClass()[pri:0, instance:TestRunnir.TesstRunner@49dc7102]" started-at="2021-08-25T18:23:30 PDT" name="setUpClass" finished-at="2021-08-25T18:23:31 PDT" duration-ms="668" status="PASS">
          <reporter-output>
          </reporter-output>
        </test-method> <!-- setUpClass -->
        <test-method signature="feature(cucumber.api.testng.CucumberFeatureWrapper)[pri:0, instance:TestRunnir.TesstRunner@49dc7102]" started-at="2021-08-25T18:23:31 PDT" name="feature" description="Runs Cucumber Feature" data-provider="features" finished-at="2021-08-25T18:23:46 PDT" duration-ms="15241" status="PASS">
          <params>
            <param index="0">
              <value>
                <![CDATA[OrangeHRM Login]]>
              </value>
            </param>
          </params>
          <reporter-output>
          </reporter-output>
        </test-method> <!-- feature -->
        <test-method is-config="true" signature="tearDownClass()[pri:0, instance:TestRunnir.TesstRunner@49dc7102]" started-at="2021-08-25T18:23:46 PDT" name="tearDownClass" finished-at="2021-08-25T18:23:47 PDT" duration-ms="54" status="PASS">
          <reporter-output>
          </reporter-output>
        </test-method> <!-- tearDownClass -->
      </class> <!-- TestRunnir.TesstRunner -->
    </test> <!-- Default test -->
  </suite> <!-- Default suite -->
</testng-results>
